[2017-03-06 17:10:10.419] [INFO] pomelo - [32m[C:\Users\pengy\Desktop\testPomelo\game-server\node_modules\pomelo\lib\application.js] [39mapplication inited: "connector-server-1"
[2017-03-06 17:10:10.729] [INFO] pomelo - [32m[C:\Users\pengy\Desktop\testPomelo\game-server\node_modules\pomelo\lib\application.js] [39m"connector-server-1" enter after start...
[2017-03-06 17:10:10.731] [INFO] pomelo - [32m[C:\Users\pengy\Desktop\testPomelo\game-server\node_modules\pomelo\lib\application.js] [39m"connector-server-1" finish start
[2017-03-06 17:10:10.732] [INFO] pomelo - [32m[C:\Users\pengy\Desktop\testPomelo\game-server\node_modules\pomelo\lib\application.js] [39m"connector-server-1" startup in 269 ms
[2017-03-06 17:12:03.778] [DEBUG] pomelo - [36m[C:\Users\pengy\Desktop\testPomelo\game-server\node_modules\pomelo\lib\components\connector.js] [39m[connector-server-1] getSession session is created with session id: 1
[2017-03-06 17:12:07.397] [DEBUG] pomelo - [36m[C:\Users\pengy\Desktop\testPomelo\game-server\node_modules\pomelo\lib\common\service\sessionService.js] [39msession on [connector-server-1] is closed with session id: 1
[2017-03-06 17:13:47.581] [DEBUG] pomelo - [36m[C:\Users\pengy\Desktop\testPomelo\game-server\node_modules\pomelo\lib\components\connector.js] [39m[connector-server-1] getSession session is created with session id: 2
[2017-03-06 17:13:47.588] [DEBUG] pomelo - [36m[C:\Users\pengy\Desktop\testPomelo\game-server\node_modules\pomelo\lib\components\connector.js] [39m[connector-server-1] handleMessage session id: 2, msg: {"id":1,"type":0,"compressRoute":0,"route":"connector.entryHandler.entry","body":{"MAC":1,"password":1,"platform":"default"},"compressGzip":0}
[2017-03-06 17:13:47.591] [DEBUG] pomelo - [36m[C:\Users\pengy\Desktop\testPomelo\game-server\node_modules\pomelo\lib\components\connector.js] [39m[connector-server-1] send message reqId: 1, route: connector.entryHandler.entry, msg: {"code":200,"msg":"game server is ok."}, receivers: [2], opts: {"type":"response","userOptions":{},"isResponse":true}
[2017-03-06 17:13:52.396] [DEBUG] pomelo - [36m[C:\Users\pengy\Desktop\testPomelo\game-server\node_modules\pomelo\lib\common\service\sessionService.js] [39msession on [connector-server-1] is closed with session id: 2
[2017-03-06 17:25:46.124] [INFO] pomelo - [32m[C:\Users\pengy\Desktop\testPomelo\game-server\node_modules\pomelo\lib\application.js] [39mapplication inited: "connector-server-1"
[2017-03-06 17:25:46.422] [INFO] pomelo - [32m[C:\Users\pengy\Desktop\testPomelo\game-server\node_modules\pomelo\lib\application.js] [39m"connector-server-1" enter after start...
[2017-03-06 17:25:46.425] [INFO] pomelo - [32m[C:\Users\pengy\Desktop\testPomelo\game-server\node_modules\pomelo\lib\application.js] [39m"connector-server-1" finish start
[2017-03-06 17:25:46.425] [INFO] pomelo - [32m[C:\Users\pengy\Desktop\testPomelo\game-server\node_modules\pomelo\lib\application.js] [39m"connector-server-1" startup in 258 ms
[2017-03-06 17:26:23.042] [DEBUG] pomelo - [36m[C:\Users\pengy\Desktop\testPomelo\game-server\node_modules\pomelo\lib\components\connector.js] [39m[connector-server-1] getSession session is created with session id: 1
[2017-03-06 17:26:23.052] [DEBUG] pomelo - [36m[C:\Users\pengy\Desktop\testPomelo\game-server\node_modules\pomelo\lib\components\connector.js] [39m[connector-server-1] handleMessage session id: 1, msg: {"id":1,"type":0,"compressRoute":0,"route":"connector.entryHandler.entry","body":{"MAC":1,"password":1,"platform":"default"},"compressGzip":0}
[2017-03-06 17:26:23.054] [DEBUG] pomelo - [36m[C:\Users\pengy\Desktop\testPomelo\game-server\node_modules\pomelo\lib\components\connector.js] [39m[connector-server-1] send message reqId: 1, route: connector.entryHandler.entry, msg: {"code":200,"msg":"game server is ok."}, receivers: [1], opts: {"type":"response","userOptions":{},"isResponse":true}
[2017-03-06 17:26:24.931] [DEBUG] pomelo - [36m[C:\Users\pengy\Desktop\testPomelo\game-server\node_modules\pomelo\lib\common\service\sessionService.js] [39msession on [connector-server-1] is closed with session id: 1
[2017-03-06 17:30:38.203] [INFO] pomelo - [32m[C:\Users\pengy\Desktop\testPomelo\game-server\node_modules\pomelo\lib\application.js] [39mapplication inited: "connector-server-1"
[2017-03-06 17:30:38.519] [INFO] pomelo - [32m[C:\Users\pengy\Desktop\testPomelo\game-server\node_modules\pomelo\lib\application.js] [39m"connector-server-1" enter after start...
[2017-03-06 17:30:38.521] [INFO] pomelo - [32m[C:\Users\pengy\Desktop\testPomelo\game-server\node_modules\pomelo\lib\application.js] [39m"connector-server-1" finish start
[2017-03-06 17:30:38.521] [INFO] pomelo - [32m[C:\Users\pengy\Desktop\testPomelo\game-server\node_modules\pomelo\lib\application.js] [39m"connector-server-1" startup in 276 ms
[2017-03-06 17:30:41.951] [DEBUG] pomelo - [36m[C:\Users\pengy\Desktop\testPomelo\game-server\node_modules\pomelo\lib\components\connector.js] [39m[connector-server-1] getSession session is created with session id: 1
[2017-03-06 17:30:41.957] [ERROR] pomelo - [31m[C:\Users\pengy\Desktop\testPomelo\game-server\node_modules\pomelo\lib\connectors\common\handler.js] [39mcould not find handle invalid data package.
[2017-03-06 17:30:41.958] [DEBUG] pomelo - [36m[C:\Users\pengy\Desktop\testPomelo\game-server\node_modules\pomelo\lib\common\service\sessionService.js] [39msession on [connector-server-1] is closed with session id: 1
[2017-03-06 17:31:19.324] [INFO] pomelo - [32m[C:\Users\pengy\Desktop\testPomelo\game-server\node_modules\pomelo\lib\application.js] [39mapplication inited: "connector-server-1"
[2017-03-06 17:31:19.599] [INFO] pomelo - [32m[C:\Users\pengy\Desktop\testPomelo\game-server\node_modules\pomelo\lib\application.js] [39m"connector-server-1" enter after start...
[2017-03-06 17:31:19.603] [INFO] pomelo - [32m[C:\Users\pengy\Desktop\testPomelo\game-server\node_modules\pomelo\lib\application.js] [39m"connector-server-1" finish start
[2017-03-06 17:31:19.603] [INFO] pomelo - [32m[C:\Users\pengy\Desktop\testPomelo\game-server\node_modules\pomelo\lib\application.js] [39m"connector-server-1" startup in 233 ms
[2017-03-06 17:31:21.783] [DEBUG] pomelo - [36m[C:\Users\pengy\Desktop\testPomelo\game-server\node_modules\pomelo\lib\components\connector.js] [39m[connector-server-1] getSession session is created with session id: 1
[2017-03-06 17:31:21.793] [ERROR] pomelo - [31m[C:\Users\pengy\Desktop\testPomelo\game-server\node_modules\pomelo\lib\connectors\common\handler.js] [39mcould not find handle invalid data package.
[2017-03-06 17:31:21.794] [DEBUG] pomelo - [36m[C:\Users\pengy\Desktop\testPomelo\game-server\node_modules\pomelo\lib\common\service\sessionService.js] [39msession on [connector-server-1] is closed with session id: 1
[2017-03-06 17:38:27.746] [INFO] pomelo - [32m[C:\Users\pengy\Desktop\testPomelo\game-server\node_modules\pomelo\lib\application.js] [39mapplication inited: "connector-server-1"
[2017-03-06 17:38:27.978] [INFO] pomelo - [32m[C:\Users\pengy\Desktop\testPomelo\game-server\node_modules\pomelo\lib\application.js] [39m"connector-server-1" enter after start...
[2017-03-06 17:38:27.982] [INFO] pomelo - [32m[C:\Users\pengy\Desktop\testPomelo\game-server\node_modules\pomelo\lib\application.js] [39m"connector-server-1" finish start
[2017-03-06 17:38:27.982] [INFO] pomelo - [32m[C:\Users\pengy\Desktop\testPomelo\game-server\node_modules\pomelo\lib\application.js] [39m"connector-server-1" startup in 197 ms
[2017-03-06 17:38:29.599] [DEBUG] pomelo - [36m[C:\Users\pengy\Desktop\testPomelo\game-server\node_modules\pomelo\lib\components\connector.js] [39m[connector-server-1] getSession session is created with session id: 1
[2017-03-06 17:38:29.605] [ERROR] pomelo - [31m[C:\Users\pengy\Desktop\testPomelo\game-server\node_modules\pomelo\lib\connectors\common\handler.js] [39mcould not find handle invalid data package.
[2017-03-06 17:38:29.605] [DEBUG] pomelo - [36m[C:\Users\pengy\Desktop\testPomelo\game-server\node_modules\pomelo\lib\common\service\sessionService.js] [39msession on [connector-server-1] is closed with session id: 1
[2017-03-06 17:38:50.048] [INFO] pomelo - [32m[C:\Users\pengy\Desktop\testPomelo\game-server\node_modules\pomelo\lib\application.js] [39mapplication inited: "connector-server-1"
[2017-03-06 17:38:50.289] [INFO] pomelo - [32m[C:\Users\pengy\Desktop\testPomelo\game-server\node_modules\pomelo\lib\application.js] [39m"connector-server-1" enter after start...
[2017-03-06 17:38:50.292] [INFO] pomelo - [32m[C:\Users\pengy\Desktop\testPomelo\game-server\node_modules\pomelo\lib\application.js] [39m"connector-server-1" finish start
[2017-03-06 17:38:50.292] [INFO] pomelo - [32m[C:\Users\pengy\Desktop\testPomelo\game-server\node_modules\pomelo\lib\application.js] [39m"connector-server-1" startup in 202 ms
[2017-03-06 17:38:51.575] [DEBUG] pomelo - [36m[C:\Users\pengy\Desktop\testPomelo\game-server\node_modules\pomelo\lib\components\connector.js] [39m[connector-server-1] getSession session is created with session id: 1
[2017-03-06 17:38:51.582] [ERROR] pomelo - [31m[C:\Users\pengy\Desktop\testPomelo\game-server\node_modules\pomelo\lib\connectors\common\handler.js] [39mcould not find handle invalid data package.
[2017-03-06 17:38:51.582] [DEBUG] pomelo - [36m[C:\Users\pengy\Desktop\testPomelo\game-server\node_modules\pomelo\lib\common\service\sessionService.js] [39msession on [connector-server-1] is closed with session id: 1
[2017-03-06 17:44:16.676] [INFO] pomelo - [32m[C:\Users\pengy\Desktop\testPomelo\game-server\node_modules\pomelo\lib\application.js] [39mapplication inited: "connector-server-1"
[2017-03-06 17:44:16.942] [INFO] pomelo - [32m[C:\Users\pengy\Desktop\testPomelo\game-server\node_modules\pomelo\lib\application.js] [39m"connector-server-1" enter after start...
[2017-03-06 17:44:16.945] [INFO] pomelo - [32m[C:\Users\pengy\Desktop\testPomelo\game-server\node_modules\pomelo\lib\application.js] [39m"connector-server-1" finish start
[2017-03-06 17:44:16.945] [INFO] pomelo - [32m[C:\Users\pengy\Desktop\testPomelo\game-server\node_modules\pomelo\lib\application.js] [39m"connector-server-1" startup in 203 ms
[2017-03-06 17:44:18.291] [DEBUG] pomelo - [36m[C:\Users\pengy\Desktop\testPomelo\game-server\node_modules\pomelo\lib\components\connector.js] [39m[connector-server-1] getSession session is created with session id: 1
[2017-03-06 17:44:18.297] [ERROR] pomelo - [31m[C:\Users\pengy\Desktop\testPomelo\game-server\node_modules\pomelo\lib\connectors\common\handler.js] [39mcould not find handle invalid data package.
[2017-03-06 17:44:18.297] [DEBUG] pomelo - [36m[C:\Users\pengy\Desktop\testPomelo\game-server\node_modules\pomelo\lib\common\service\sessionService.js] [39msession on [connector-server-1] is closed with session id: 1
[2017-03-06 17:44:21.816] [DEBUG] pomelo - [36m[C:\Users\pengy\Desktop\testPomelo\game-server\node_modules\pomelo\lib\components\connector.js] [39m[connector-server-1] getSession session is created with session id: 2
[2017-03-06 17:44:21.822] [ERROR] pomelo - [31m[C:\Users\pengy\Desktop\testPomelo\game-server\node_modules\pomelo\lib\connectors\common\handler.js] [39mcould not find handle invalid data package.
[2017-03-06 17:44:21.822] [DEBUG] pomelo - [36m[C:\Users\pengy\Desktop\testPomelo\game-server\node_modules\pomelo\lib\common\service\sessionService.js] [39msession on [connector-server-1] is closed with session id: 2
[2017-03-06 17:55:49.543] [INFO] pomelo - [32m[C:\Users\pengy\Desktop\testPomelo\game-server\node_modules\pomelo\lib\application.js] [39mapplication inited: "connector-server-1"
[2017-03-06 17:55:50.082] [INFO] pomelo - [32m[C:\Users\pengy\Desktop\testPomelo\game-server\node_modules\pomelo\lib\application.js] [39m"connector-server-1" enter after start...
[2017-03-06 17:55:50.082] [INFO] pomelo - [32m[C:\Users\pengy\Desktop\testPomelo\game-server\node_modules\pomelo\lib\application.js] [39m"connector-server-1" finish start
[2017-03-06 17:55:50.082] [INFO] pomelo - [32m[C:\Users\pengy\Desktop\testPomelo\game-server\node_modules\pomelo\lib\application.js] [39m"connector-server-1" startup in 485 ms
[2017-03-06 17:55:51.400] [DEBUG] pomelo - [36m[C:\Users\pengy\Desktop\testPomelo\game-server\node_modules\pomelo\lib\components\connector.js] [39m[connector-server-1] getSession session is created with session id: 1
[2017-03-06 17:55:51.400] [DEBUG] pomelo - [36m[C:\Users\pengy\Desktop\testPomelo\game-server\node_modules\pomelo\lib\components\connector.js] [39m[connector-server-1] handleMessage session id: 1, msg: {"id":1,"type":0,"compressRoute":0,"route":"connector.entryHandler.entry","body":{"MAC":1,"password":1,"platform":"default"},"compressGzip":0}
[2017-03-06 17:55:51.400] [DEBUG] pomelo - [36m[C:\Users\pengy\Desktop\testPomelo\game-server\node_modules\pomelo\lib\components\connector.js] [39m[connector-server-1] send message reqId: 1, route: connector.entryHandler.entry, msg: {"code":200,"msg":"game server is ok."}, receivers: [1], opts: {"type":"response","userOptions":{},"isResponse":true}
[2017-03-06 17:55:52.486] [DEBUG] pomelo - [36m[C:\Users\pengy\Desktop\testPomelo\game-server\node_modules\pomelo\lib\common\service\sessionService.js] [39msession on [connector-server-1] is closed with session id: 1
[2017-03-06 18:09:21.361] [INFO] pomelo - [32m[C:\Users\pengy\Desktop\testPomelo\game-server\node_modules\pomelo\lib\application.js] [39mapplication inited: "connector-server-1"
[2017-03-06 18:09:21.941] [INFO] pomelo - [32m[C:\Users\pengy\Desktop\testPomelo\game-server\node_modules\pomelo\lib\application.js] [39m"connector-server-1" enter after start...
[2017-03-06 18:09:21.941] [INFO] pomelo - [32m[C:\Users\pengy\Desktop\testPomelo\game-server\node_modules\pomelo\lib\application.js] [39m"connector-server-1" finish start
[2017-03-06 18:09:21.941] [INFO] pomelo - [32m[C:\Users\pengy\Desktop\testPomelo\game-server\node_modules\pomelo\lib\application.js] [39m"connector-server-1" startup in 517 ms
[2017-03-06 18:09:24.812] [DEBUG] pomelo - [36m[C:\Users\pengy\Desktop\testPomelo\game-server\node_modules\pomelo\lib\components\connector.js] [39m[connector-server-1] getSession session is created with session id: 1
[2017-03-06 18:09:24.827] [DEBUG] pomelo - [36m[C:\Users\pengy\Desktop\testPomelo\game-server\node_modules\pomelo\lib\components\connector.js] [39m[connector-server-1] handleMessage session id: 1, msg: {"id":1,"type":0,"compressRoute":0,"route":"connector.entryHandler.entry","body":{"MAC":1,"password":1,"platform":"default"},"compressGzip":0}
[2017-03-06 18:09:24.827] [DEBUG] pomelo - [36m[C:\Users\pengy\Desktop\testPomelo\game-server\node_modules\pomelo\lib\components\connector.js] [39m[connector-server-1] send message reqId: 1, route: connector.entryHandler.entry, msg: {"code":200,"msg":"game server is ok."}, receivers: [1], opts: {"type":"response","userOptions":{},"isResponse":true}
[2017-03-06 18:09:26.615] [DEBUG] pomelo - [36m[C:\Users\pengy\Desktop\testPomelo\game-server\node_modules\pomelo\lib\common\service\sessionService.js] [39msession on [connector-server-1] is closed with session id: 1
[2017-03-06 18:10:06.687] [INFO] pomelo - [32m[C:\Users\pengy\Desktop\tonyPomelo\game-server\node_modules\pomelo\lib\application.js] [39mapplication inited: "connector-server-1"
[2017-03-06 18:10:06.948] [INFO] pomelo - [32m[C:\Users\pengy\Desktop\tonyPomelo\game-server\node_modules\pomelo\lib\application.js] [39m"connector-server-1" enter after start...
[2017-03-06 18:10:06.948] [INFO] pomelo - [32m[C:\Users\pengy\Desktop\tonyPomelo\game-server\node_modules\pomelo\lib\application.js] [39m"connector-server-1" finish start
[2017-03-06 18:10:06.948] [INFO] pomelo - [32m[C:\Users\pengy\Desktop\tonyPomelo\game-server\node_modules\pomelo\lib\application.js] [39m"connector-server-1" startup in 214 ms
[2017-03-06 19:51:08.959] [INFO] pomelo - [32m[C:\Users\tony\Desktop\tonyPomelo\game-server\node_modules\pomelo\lib\application.js] [39mapplication inited: "connector-server-1"
[2017-03-06 19:51:09.287] [INFO] pomelo - [32m[C:\Users\tony\Desktop\tonyPomelo\game-server\node_modules\pomelo\lib\application.js] [39m"connector-server-1" enter after start...
[2017-03-06 19:51:09.291] [INFO] pomelo - [32m[C:\Users\tony\Desktop\tonyPomelo\game-server\node_modules\pomelo\lib\application.js] [39m"connector-server-1" finish start
[2017-03-06 19:51:09.292] [INFO] pomelo - [32m[C:\Users\tony\Desktop\tonyPomelo\game-server\node_modules\pomelo\lib\application.js] [39m"connector-server-1" startup in 277 ms
[2017-03-06 19:51:11.681] [DEBUG] pomelo - [36m[C:\Users\tony\Desktop\tonyPomelo\game-server\node_modules\pomelo\lib\components\connector.js] [39m[connector-server-1] getSession session is created with session id: 1
[2017-03-06 19:51:11.690] [DEBUG] pomelo - [36m[C:\Users\tony\Desktop\tonyPomelo\game-server\node_modules\pomelo\lib\components\connector.js] [39m[connector-server-1] handleMessage session id: 1, msg: {"id":1,"type":0,"compressRoute":0,"route":"connector.entryHandler.entry","body":{"MAC":1,"password":1,"platform":"default"},"compressGzip":0}
[2017-03-06 19:51:11.693] [DEBUG] pomelo - [36m[C:\Users\tony\Desktop\tonyPomelo\game-server\node_modules\pomelo\lib\components\connector.js] [39m[connector-server-1] send message reqId: 1, route: connector.entryHandler.entry, msg: {"code":200,"msg":"game server is ok."}, receivers: [1], opts: {"type":"response","userOptions":{},"isResponse":true}
[2017-03-06 19:51:14.212] [DEBUG] pomelo - [36m[C:\Users\tony\Desktop\tonyPomelo\game-server\node_modules\pomelo\lib\common\service\sessionService.js] [39msession on [connector-server-1] is closed with session id: 1
[2017-03-06 20:13:37.036] [INFO] pomelo - [32m[C:\Users\tony\Desktop\tonyPomelo\game-server\node_modules\pomelo\lib\application.js] [39mapplication inited: "connector-server-1"
[2017-03-06 20:13:37.475] [INFO] pomelo - [32m[C:\Users\tony\Desktop\tonyPomelo\game-server\node_modules\pomelo\lib\application.js] [39m"connector-server-1" enter after start...
[2017-03-06 20:13:37.479] [INFO] pomelo - [32m[C:\Users\tony\Desktop\tonyPomelo\game-server\node_modules\pomelo\lib\application.js] [39m"connector-server-1" finish start
[2017-03-06 20:13:37.480] [INFO] pomelo - [32m[C:\Users\tony\Desktop\tonyPomelo\game-server\node_modules\pomelo\lib\application.js] [39m"connector-server-1" startup in 371 ms
[2017-03-06 20:14:14.837] [DEBUG] pomelo - [36m[C:\Users\tony\Desktop\tonyPomelo\game-server\node_modules\pomelo\lib\components\connector.js] [39m[connector-server-1] getSession session is created with session id: 1
[2017-03-06 20:14:14.847] [DEBUG] pomelo - [36m[C:\Users\tony\Desktop\tonyPomelo\game-server\node_modules\pomelo\lib\components\connector.js] [39m[connector-server-1] handleMessage session id: 1, msg: {"id":1,"type":0,"compressRoute":0,"route":"connector.entryHandler.entry","body":{"MAC":1,"password":1,"platform":"default"},"compressGzip":0}
[2017-03-06 20:14:14.850] [DEBUG] pomelo - [36m[C:\Users\tony\Desktop\tonyPomelo\game-server\node_modules\pomelo\lib\components\connector.js] [39m[connector-server-1] send message reqId: 1, route: connector.entryHandler.entry, msg: {"code":200,"msg":"game server is ok."}, receivers: [1], opts: {"type":"response","userOptions":{},"isResponse":true}
[2017-03-06 20:14:18.004] [DEBUG] pomelo - [36m[C:\Users\tony\Desktop\tonyPomelo\game-server\node_modules\pomelo\lib\common\service\sessionService.js] [39msession on [connector-server-1] is closed with session id: 1
[2017-03-06 20:29:55.598] [INFO] pomelo - [32m[C:\Users\tony\Desktop\tonyPomelo\game-server\node_modules\pomelo\lib\application.js] [39mapplication inited: "connector-server-1"
[2017-03-06 20:29:55.994] [INFO] pomelo - [32m[C:\Users\tony\Desktop\tonyPomelo\game-server\node_modules\pomelo\lib\application.js] [39m"connector-server-1" enter after start...
[2017-03-06 20:29:55.999] [INFO] pomelo - [32m[C:\Users\tony\Desktop\tonyPomelo\game-server\node_modules\pomelo\lib\application.js] [39m"connector-server-1" finish start
[2017-03-06 20:29:55.999] [INFO] pomelo - [32m[C:\Users\tony\Desktop\tonyPomelo\game-server\node_modules\pomelo\lib\application.js] [39m"connector-server-1" startup in 341 ms
[2017-03-06 20:29:56.007] [DEBUG] pomelo - [36m[C:\Users\tony\Desktop\tonyPomelo\game-server\node_modules\pomelo\lib\modules\monitorwatcher.js] [39m[connector-server-1] receive addServer signal: {"action":"addServer","server":{"main":"C:\\Users\\tony\\Desktop\\tonyPomelo\\game-server\\app","env":"development","id":"world-server-1","host":"127.0.0.1","port":3040,"frontend":"true","serverType":"world","pid":3544}}
[2017-03-06 20:30:54.079] [DEBUG] pomelo - [36m[C:\Users\tony\Desktop\tonyPomelo\game-server\node_modules\pomelo\lib\components\connector.js] [39m[connector-server-1] getSession session is created with session id: 1
[2017-03-06 20:30:54.086] [DEBUG] pomelo - [36m[C:\Users\tony\Desktop\tonyPomelo\game-server\node_modules\pomelo\lib\components\connector.js] [39m[connector-server-1] handleMessage session id: 1, msg: {"id":1,"type":0,"compressRoute":0,"route":"world.playerHandler.enteScene","body":{},"compressGzip":0}
[2017-03-06 20:30:54.088] [ERROR] pomelo - [31m[C:\Users\tony\Desktop\tonyPomelo\game-server\node_modules\pomelo\lib\server\server.js] [39mfail to forward message:TypeError: Cannot read property 'forwardMessage' of undefined
    at doForward (C:\Users\tony\Desktop\tonyPomelo\game-server\node_modules\pomelo\lib\server\server.js:334:49)
    at dispatch (C:\Users\tony\Desktop\tonyPomelo\game-server\node_modules\pomelo\lib\server\server.js:103:7)
    at next (C:\Users\tony\Desktop\tonyPomelo\game-server\node_modules\pomelo\lib\common\service\filterService.js:50:7)
    at Service.beforeFilter (C:\Users\tony\Desktop\tonyPomelo\game-server\node_modules\pomelo\lib\common\service\filterService.js:65:3)
    at beforeFilter (C:\Users\tony\Desktop\tonyPomelo\game-server\node_modules\pomelo\lib\server\server.js:242:8)
    at pro.globalHandle (C:\Users\tony\Desktop\tonyPomelo\game-server\node_modules\pomelo\lib\server\server.js:112:3)
    at Component.globalHandle (C:\Users\tony\Desktop\tonyPomelo\game-server\node_modules\pomelo\lib\components\server.js:74:14)
    at handleMessage (C:\Users\tony\Desktop\tonyPomelo\game-server\node_modules\pomelo\lib\components\connector.js:295:15)
    at null.<anonymous> (C:\Users\tony\Desktop\tonyPomelo\game-server\node_modules\pomelo\lib\components\connector.js:239:5)
    at emit (events.js:107:17)
[2017-03-06 20:30:54.088] [DEBUG] pomelo - [36m[C:\Users\tony\Desktop\tonyPomelo\game-server\node_modules\pomelo\lib\components\connector.js] [39m[connector-server-1] send message reqId: 1, route: world.playerHandler.enteScene, msg: {"code":500}, receivers: [1], opts: {"type":"response","userOptions":{},"isResponse":true}
[2017-03-06 20:30:56.749] [DEBUG] pomelo - [36m[C:\Users\tony\Desktop\tonyPomelo\game-server\node_modules\pomelo\lib\common\service\sessionService.js] [39msession on [connector-server-1] is closed with session id: 1
[2017-03-06 20:31:10.552] [INFO] pomelo - [32m[C:\Users\tony\Desktop\tonyPomelo\game-server\node_modules\pomelo\lib\application.js] [39mapplication inited: "connector-server-1"
[2017-03-06 20:31:10.935] [INFO] pomelo - [32m[C:\Users\tony\Desktop\tonyPomelo\game-server\node_modules\pomelo\lib\application.js] [39m"connector-server-1" enter after start...
[2017-03-06 20:31:10.939] [INFO] pomelo - [32m[C:\Users\tony\Desktop\tonyPomelo\game-server\node_modules\pomelo\lib\application.js] [39m"connector-server-1" finish start
[2017-03-06 20:31:10.939] [INFO] pomelo - [32m[C:\Users\tony\Desktop\tonyPomelo\game-server\node_modules\pomelo\lib\application.js] [39m"connector-server-1" startup in 323 ms
[2017-03-06 20:31:10.955] [DEBUG] pomelo - [36m[C:\Users\tony\Desktop\tonyPomelo\game-server\node_modules\pomelo\lib\modules\monitorwatcher.js] [39m[connector-server-1] receive addServer signal: {"action":"addServer","server":{"main":"C:\\Users\\tony\\Desktop\\tonyPomelo\\game-server\\app","env":"development","id":"world-server-1","host":"127.0.0.1","port":3040,"frontend":"true","serverType":"world","pid":11164}}
[2017-03-06 20:31:12.907] [DEBUG] pomelo - [36m[C:\Users\tony\Desktop\tonyPomelo\game-server\node_modules\pomelo\lib\components\connector.js] [39m[connector-server-1] getSession session is created with session id: 1
[2017-03-06 20:31:12.914] [DEBUG] pomelo - [36m[C:\Users\tony\Desktop\tonyPomelo\game-server\node_modules\pomelo\lib\components\connector.js] [39m[connector-server-1] handleMessage session id: 1, msg: {"id":1,"type":0,"compressRoute":0,"route":"world.playerHandler.enteScene","body":{},"compressGzip":0}
[2017-03-06 20:31:12.917] [ERROR] pomelo - [31m[C:\Users\tony\Desktop\tonyPomelo\game-server\node_modules\pomelo\lib\server\server.js] [39mfail to forward message:TypeError: Cannot read property 'forwardMessage' of undefined
    at doForward (C:\Users\tony\Desktop\tonyPomelo\game-server\node_modules\pomelo\lib\server\server.js:334:49)
    at dispatch (C:\Users\tony\Desktop\tonyPomelo\game-server\node_modules\pomelo\lib\server\server.js:103:7)
    at next (C:\Users\tony\Desktop\tonyPomelo\game-server\node_modules\pomelo\lib\common\service\filterService.js:50:7)
    at Service.beforeFilter (C:\Users\tony\Desktop\tonyPomelo\game-server\node_modules\pomelo\lib\common\service\filterService.js:65:3)
    at beforeFilter (C:\Users\tony\Desktop\tonyPomelo\game-server\node_modules\pomelo\lib\server\server.js:242:8)
    at pro.globalHandle (C:\Users\tony\Desktop\tonyPomelo\game-server\node_modules\pomelo\lib\server\server.js:112:3)
    at Component.globalHandle (C:\Users\tony\Desktop\tonyPomelo\game-server\node_modules\pomelo\lib\components\server.js:74:14)
    at handleMessage (C:\Users\tony\Desktop\tonyPomelo\game-server\node_modules\pomelo\lib\components\connector.js:295:15)
    at null.<anonymous> (C:\Users\tony\Desktop\tonyPomelo\game-server\node_modules\pomelo\lib\components\connector.js:239:5)
    at emit (events.js:107:17)
[2017-03-06 20:31:12.917] [DEBUG] pomelo - [36m[C:\Users\tony\Desktop\tonyPomelo\game-server\node_modules\pomelo\lib\components\connector.js] [39m[connector-server-1] send message reqId: 1, route: world.playerHandler.enteScene, msg: {"code":500}, receivers: [1], opts: {"type":"response","userOptions":{},"isResponse":true}
[2017-03-06 20:31:15.829] [DEBUG] pomelo - [36m[C:\Users\tony\Desktop\tonyPomelo\game-server\node_modules\pomelo\lib\common\service\sessionService.js] [39msession on [connector-server-1] is closed with session id: 1
[2017-03-06 20:32:30.059] [INFO] pomelo - [32m[C:\Users\tony\Desktop\tonyPomelo\game-server\node_modules\pomelo\lib\application.js] [39mapplication inited: "connector-server-1"
[2017-03-06 20:32:30.456] [INFO] pomelo - [32m[C:\Users\tony\Desktop\tonyPomelo\game-server\node_modules\pomelo\lib\application.js] [39m"connector-server-1" enter after start...
[2017-03-06 20:32:30.461] [INFO] pomelo - [32m[C:\Users\tony\Desktop\tonyPomelo\game-server\node_modules\pomelo\lib\application.js] [39m"connector-server-1" finish start
[2017-03-06 20:32:30.461] [INFO] pomelo - [32m[C:\Users\tony\Desktop\tonyPomelo\game-server\node_modules\pomelo\lib\application.js] [39m"connector-server-1" startup in 331 ms
[2017-03-06 20:32:30.462] [DEBUG] pomelo - [36m[C:\Users\tony\Desktop\tonyPomelo\game-server\node_modules\pomelo\lib\modules\monitorwatcher.js] [39m[connector-server-1] receive addServer signal: {"action":"addServer","server":{"main":"C:\\Users\\tony\\Desktop\\tonyPomelo\\game-server\\app","env":"development","id":"room-server-1","host":"127.0.0.1","port":3020,"frontend":"true","serverType":"room","pid":9888}}
[2017-03-06 20:32:30.466] [DEBUG] pomelo - [36m[C:\Users\tony\Desktop\tonyPomelo\game-server\node_modules\pomelo\lib\modules\monitorwatcher.js] [39m[connector-server-1] receive addServer signal: {"action":"addServer","server":{"main":"C:\\Users\\tony\\Desktop\\tonyPomelo\\game-server\\app","env":"development","id":"seat-server-1","host":"127.0.0.1","port":3030,"frontend":"true","serverType":"seat","pid":8212}}
[2017-03-06 20:32:30.542] [DEBUG] pomelo - [36m[C:\Users\tony\Desktop\tonyPomelo\game-server\node_modules\pomelo\lib\modules\monitorwatcher.js] [39m[connector-server-1] receive addServer signal: {"action":"addServer","server":{"main":"C:\\Users\\tony\\Desktop\\tonyPomelo\\game-server\\app","env":"development","id":"world-server-1","host":"127.0.0.1","port":3040,"frontend":"true","serverType":"world","pid":9204}}
[2017-03-06 20:32:32.191] [DEBUG] pomelo - [36m[C:\Users\tony\Desktop\tonyPomelo\game-server\node_modules\pomelo\lib\components\connector.js] [39m[connector-server-1] getSession session is created with session id: 1
[2017-03-06 20:32:32.197] [DEBUG] pomelo - [36m[C:\Users\tony\Desktop\tonyPomelo\game-server\node_modules\pomelo\lib\components\connector.js] [39m[connector-server-1] handleMessage session id: 1, msg: {"id":1,"type":0,"compressRoute":0,"route":"world.playerHandler.enteScene","body":{},"compressGzip":0}
[2017-03-06 20:32:32.200] [ERROR] pomelo - [31m[C:\Users\tony\Desktop\tonyPomelo\game-server\node_modules\pomelo\lib\server\server.js] [39mfail to forward message:TypeError: Cannot read property 'forwardMessage' of undefined
    at doForward (C:\Users\tony\Desktop\tonyPomelo\game-server\node_modules\pomelo\lib\server\server.js:334:49)
    at dispatch (C:\Users\tony\Desktop\tonyPomelo\game-server\node_modules\pomelo\lib\server\server.js:103:7)
    at next (C:\Users\tony\Desktop\tonyPomelo\game-server\node_modules\pomelo\lib\common\service\filterService.js:50:7)
    at Service.beforeFilter (C:\Users\tony\Desktop\tonyPomelo\game-server\node_modules\pomelo\lib\common\service\filterService.js:65:3)
    at beforeFilter (C:\Users\tony\Desktop\tonyPomelo\game-server\node_modules\pomelo\lib\server\server.js:242:8)
    at pro.globalHandle (C:\Users\tony\Desktop\tonyPomelo\game-server\node_modules\pomelo\lib\server\server.js:112:3)
    at Component.globalHandle (C:\Users\tony\Desktop\tonyPomelo\game-server\node_modules\pomelo\lib\components\server.js:74:14)
    at handleMessage (C:\Users\tony\Desktop\tonyPomelo\game-server\node_modules\pomelo\lib\components\connector.js:295:15)
    at null.<anonymous> (C:\Users\tony\Desktop\tonyPomelo\game-server\node_modules\pomelo\lib\components\connector.js:239:5)
    at emit (events.js:107:17)
[2017-03-06 20:32:32.200] [DEBUG] pomelo - [36m[C:\Users\tony\Desktop\tonyPomelo\game-server\node_modules\pomelo\lib\components\connector.js] [39m[connector-server-1] send message reqId: 1, route: world.playerHandler.enteScene, msg: {"code":500}, receivers: [1], opts: {"type":"response","userOptions":{},"isResponse":true}
[2017-03-06 20:32:38.164] [DEBUG] pomelo - [36m[C:\Users\tony\Desktop\tonyPomelo\game-server\node_modules\pomelo\lib\common\service\sessionService.js] [39msession on [connector-server-1] is closed with session id: 1
[2017-03-06 20:36:01.057] [INFO] pomelo - [32m[C:\Users\tony\Desktop\tonyPomelo\game-server\node_modules\pomelo\lib\application.js] [39mapplication inited: "connector-server-1"
[2017-03-06 20:36:01.437] [INFO] pomelo - [32m[C:\Users\tony\Desktop\tonyPomelo\game-server\node_modules\pomelo\lib\application.js] [39m"connector-server-1" enter after start...
[2017-03-06 20:36:01.442] [INFO] pomelo - [32m[C:\Users\tony\Desktop\tonyPomelo\game-server\node_modules\pomelo\lib\application.js] [39m"connector-server-1" finish start
[2017-03-06 20:36:01.443] [INFO] pomelo - [32m[C:\Users\tony\Desktop\tonyPomelo\game-server\node_modules\pomelo\lib\application.js] [39m"connector-server-1" startup in 324 ms
[2017-03-06 20:36:01.462] [DEBUG] pomelo - [36m[C:\Users\tony\Desktop\tonyPomelo\game-server\node_modules\pomelo\lib\modules\monitorwatcher.js] [39m[connector-server-1] receive addServer signal: {"action":"addServer","server":{"main":"C:\\Users\\tony\\Desktop\\tonyPomelo\\game-server\\app","env":"development","id":"seat-server-1","host":"127.0.0.1","port":3030,"frontend":"true","serverType":"seat","pid":8064}}
[2017-03-06 20:36:01.474] [DEBUG] pomelo - [36m[C:\Users\tony\Desktop\tonyPomelo\game-server\node_modules\pomelo\lib\modules\monitorwatcher.js] [39m[connector-server-1] receive addServer signal: {"action":"addServer","server":{"main":"C:\\Users\\tony\\Desktop\\tonyPomelo\\game-server\\app","env":"development","id":"room-server-1","host":"127.0.0.1","port":3020,"frontend":"true","serverType":"room","pid":8584}}
[2017-03-06 20:36:01.518] [DEBUG] pomelo - [36m[C:\Users\tony\Desktop\tonyPomelo\game-server\node_modules\pomelo\lib\modules\monitorwatcher.js] [39m[connector-server-1] receive addServer signal: {"action":"addServer","server":{"main":"C:\\Users\\tony\\Desktop\\tonyPomelo\\game-server\\app","env":"development","id":"world-server-1","host":"127.0.0.1","port":3040,"frontend":"true","serverType":"world","pid":11856}}
[2017-03-06 20:36:05.166] [DEBUG] pomelo - [36m[C:\Users\tony\Desktop\tonyPomelo\game-server\node_modules\pomelo\lib\components\connector.js] [39m[connector-server-1] getSession session is created with session id: 1
[2017-03-06 20:36:05.173] [DEBUG] pomelo - [36m[C:\Users\tony\Desktop\tonyPomelo\game-server\node_modules\pomelo\lib\components\connector.js] [39m[connector-server-1] handleMessage session id: 1, msg: {"id":1,"type":0,"compressRoute":0,"route":"connector.entryHandler.entry","body":{},"compressGzip":0}
[2017-03-06 20:36:05.175] [DEBUG] pomelo - [36m[C:\Users\tony\Desktop\tonyPomelo\game-server\node_modules\pomelo\lib\components\connector.js] [39m[connector-server-1] send message reqId: 1, route: connector.entryHandler.entry, msg: {"code":200,"msg":"game server is ok."}, receivers: [1], opts: {"type":"response","userOptions":{},"isResponse":true}
[2017-03-06 20:36:06.676] [DEBUG] pomelo - [36m[C:\Users\tony\Desktop\tonyPomelo\game-server\node_modules\pomelo\lib\common\service\sessionService.js] [39msession on [connector-server-1] is closed with session id: 1
[2017-03-06 20:37:18.600] [DEBUG] pomelo - [36m[C:\Users\tony\Desktop\tonyPomelo\game-server\node_modules\pomelo\lib\components\connector.js] [39m[connector-server-1] getSession session is created with session id: 2
[2017-03-06 20:37:18.607] [DEBUG] pomelo - [36m[C:\Users\tony\Desktop\tonyPomelo\game-server\node_modules\pomelo\lib\components\connector.js] [39m[connector-server-1] handleMessage session id: 2, msg: {"id":1,"type":0,"compressRoute":0,"route":"connector.entryHandler.entry","body":{},"compressGzip":0}
[2017-03-06 20:37:18.607] [DEBUG] pomelo - [36m[C:\Users\tony\Desktop\tonyPomelo\game-server\node_modules\pomelo\lib\components\connector.js] [39m[connector-server-1] send message reqId: 1, route: connector.entryHandler.entry, msg: {"code":200,"msg":"game server is ok."}, receivers: [2], opts: {"type":"response","userOptions":{},"isResponse":true}
[2017-03-06 20:37:18.612] [DEBUG] pomelo - [36m[C:\Users\tony\Desktop\tonyPomelo\game-server\node_modules\pomelo\lib\components\connector.js] [39m[connector-server-1] handleMessage session id: 2, msg: {"id":2,"type":0,"compressRoute":0,"route":"world.playerHandler.enteScene","body":{},"compressGzip":0}
[2017-03-06 20:37:18.613] [ERROR] pomelo - [31m[C:\Users\tony\Desktop\tonyPomelo\game-server\node_modules\pomelo\lib\server\server.js] [39mfail to forward message:TypeError: Cannot read property 'forwardMessage' of undefined
    at doForward (C:\Users\tony\Desktop\tonyPomelo\game-server\node_modules\pomelo\lib\server\server.js:334:49)
    at dispatch (C:\Users\tony\Desktop\tonyPomelo\game-server\node_modules\pomelo\lib\server\server.js:103:7)
    at next (C:\Users\tony\Desktop\tonyPomelo\game-server\node_modules\pomelo\lib\common\service\filterService.js:50:7)
    at Service.beforeFilter (C:\Users\tony\Desktop\tonyPomelo\game-server\node_modules\pomelo\lib\common\service\filterService.js:65:3)
    at beforeFilter (C:\Users\tony\Desktop\tonyPomelo\game-server\node_modules\pomelo\lib\server\server.js:242:8)
    at pro.globalHandle (C:\Users\tony\Desktop\tonyPomelo\game-server\node_modules\pomelo\lib\server\server.js:112:3)
    at Component.globalHandle (C:\Users\tony\Desktop\tonyPomelo\game-server\node_modules\pomelo\lib\components\server.js:74:14)
    at handleMessage (C:\Users\tony\Desktop\tonyPomelo\game-server\node_modules\pomelo\lib\components\connector.js:295:15)
    at null.<anonymous> (C:\Users\tony\Desktop\tonyPomelo\game-server\node_modules\pomelo\lib\components\connector.js:239:5)
    at emit (events.js:107:17)
[2017-03-06 20:37:18.614] [DEBUG] pomelo - [36m[C:\Users\tony\Desktop\tonyPomelo\game-server\node_modules\pomelo\lib\components\connector.js] [39m[connector-server-1] send message reqId: 2, route: world.playerHandler.enteScene, msg: {"code":500}, receivers: [2], opts: {"type":"response","userOptions":{},"isResponse":true}
[2017-03-06 20:42:18.636] [INFO] pomelo - [32m[C:\Users\tony\Desktop\tonyPomelo\game-server\node_modules\pomelo\lib\application.js] [39mapplication inited: "connector-server-1"
[2017-03-06 20:42:19.009] [INFO] pomelo - [32m[C:\Users\tony\Desktop\tonyPomelo\game-server\node_modules\pomelo\lib\application.js] [39m"connector-server-1" enter after start...
[2017-03-06 20:42:19.013] [INFO] pomelo - [32m[C:\Users\tony\Desktop\tonyPomelo\game-server\node_modules\pomelo\lib\application.js] [39m"connector-server-1" finish start
[2017-03-06 20:42:19.014] [INFO] pomelo - [32m[C:\Users\tony\Desktop\tonyPomelo\game-server\node_modules\pomelo\lib\application.js] [39m"connector-server-1" startup in 320 ms
[2017-03-06 20:42:19.028] [DEBUG] pomelo - [36m[C:\Users\tony\Desktop\tonyPomelo\game-server\node_modules\pomelo\lib\modules\monitorwatcher.js] [39m[connector-server-1] receive addServer signal: {"action":"addServer","server":{"main":"C:\\Users\\tony\\Desktop\\tonyPomelo\\game-server\\app","env":"development","id":"room-server-1","host":"127.0.0.1","port":3020,"frontend":"true","serverType":"room","pid":4540}}
[2017-03-06 20:42:19.071] [DEBUG] pomelo - [36m[C:\Users\tony\Desktop\tonyPomelo\game-server\node_modules\pomelo\lib\modules\monitorwatcher.js] [39m[connector-server-1] receive addServer signal: {"action":"addServer","server":{"main":"C:\\Users\\tony\\Desktop\\tonyPomelo\\game-server\\app","env":"development","id":"world-server-1","host":"127.0.0.1","port":3040,"frontend":"true","serverType":"world","pid":9776}}
[2017-03-06 20:42:19.097] [DEBUG] pomelo - [36m[C:\Users\tony\Desktop\tonyPomelo\game-server\node_modules\pomelo\lib\modules\monitorwatcher.js] [39m[connector-server-1] receive addServer signal: {"action":"addServer","server":{"main":"C:\\Users\\tony\\Desktop\\tonyPomelo\\game-server\\app","env":"development","id":"seat-server-1","host":"127.0.0.1","port":3030,"frontend":"true","serverType":"seat","pid":6064}}
[2017-03-06 20:42:20.405] [DEBUG] pomelo - [36m[C:\Users\tony\Desktop\tonyPomelo\game-server\node_modules\pomelo\lib\components\connector.js] [39m[connector-server-1] getSession session is created with session id: 1
[2017-03-06 20:42:20.412] [DEBUG] pomelo - [36m[C:\Users\tony\Desktop\tonyPomelo\game-server\node_modules\pomelo\lib\components\connector.js] [39m[connector-server-1] handleMessage session id: 1, msg: {"id":1,"type":0,"compressRoute":0,"route":"connector.entryHandler.entry","body":{},"compressGzip":0}
[2017-03-06 20:42:20.415] [DEBUG] pomelo - [36m[C:\Users\tony\Desktop\tonyPomelo\game-server\node_modules\pomelo\lib\components\connector.js] [39m[connector-server-1] send message reqId: 1, route: connector.entryHandler.entry, msg: {"code":200,"msg":"game server is ok."}, receivers: [1], opts: {"type":"response","userOptions":{},"isResponse":true}
[2017-03-06 20:42:20.419] [DEBUG] pomelo - [36m[C:\Users\tony\Desktop\tonyPomelo\game-server\node_modules\pomelo\lib\components\connector.js] [39m[connector-server-1] handleMessage session id: 1, msg: {"id":2,"type":0,"compressRoute":0,"route":"world.playerHandler.enterScene","body":{},"compressGzip":0}
[2017-03-06 20:42:20.421] [ERROR] pomelo - [31m[C:\Users\tony\Desktop\tonyPomelo\game-server\node_modules\pomelo\lib\server\server.js] [39mfail to forward message:TypeError: Cannot read property 'forwardMessage' of undefined
    at doForward (C:\Users\tony\Desktop\tonyPomelo\game-server\node_modules\pomelo\lib\server\server.js:334:49)
    at dispatch (C:\Users\tony\Desktop\tonyPomelo\game-server\node_modules\pomelo\lib\server\server.js:103:7)
    at next (C:\Users\tony\Desktop\tonyPomelo\game-server\node_modules\pomelo\lib\common\service\filterService.js:50:7)
    at Service.beforeFilter (C:\Users\tony\Desktop\tonyPomelo\game-server\node_modules\pomelo\lib\common\service\filterService.js:65:3)
    at beforeFilter (C:\Users\tony\Desktop\tonyPomelo\game-server\node_modules\pomelo\lib\server\server.js:242:8)
    at pro.globalHandle (C:\Users\tony\Desktop\tonyPomelo\game-server\node_modules\pomelo\lib\server\server.js:112:3)
    at Component.globalHandle (C:\Users\tony\Desktop\tonyPomelo\game-server\node_modules\pomelo\lib\components\server.js:74:14)
    at handleMessage (C:\Users\tony\Desktop\tonyPomelo\game-server\node_modules\pomelo\lib\components\connector.js:295:15)
    at null.<anonymous> (C:\Users\tony\Desktop\tonyPomelo\game-server\node_modules\pomelo\lib\components\connector.js:239:5)
    at emit (events.js:107:17)
[2017-03-06 20:42:20.422] [DEBUG] pomelo - [36m[C:\Users\tony\Desktop\tonyPomelo\game-server\node_modules\pomelo\lib\components\connector.js] [39m[connector-server-1] send message reqId: 2, route: world.playerHandler.enterScene, msg: {"code":500}, receivers: [1], opts: {"type":"response","userOptions":{},"isResponse":true}
[2017-03-06 20:42:36.022] [DEBUG] pomelo - [36m[C:\Users\tony\Desktop\tonyPomelo\game-server\node_modules\pomelo\lib\common\service\sessionService.js] [39msession on [connector-server-1] is closed with session id: 1
[2017-03-06 20:43:08.850] [INFO] pomelo - [32m[C:\Users\tony\Desktop\tonyPomelo\game-server\node_modules\pomelo\lib\application.js] [39mapplication inited: "connector-server-1"
[2017-03-06 20:43:09.238] [INFO] pomelo - [32m[C:\Users\tony\Desktop\tonyPomelo\game-server\node_modules\pomelo\lib\application.js] [39m"connector-server-1" enter after start...
[2017-03-06 20:43:09.242] [INFO] pomelo - [32m[C:\Users\tony\Desktop\tonyPomelo\game-server\node_modules\pomelo\lib\application.js] [39m"connector-server-1" finish start
[2017-03-06 20:43:09.243] [INFO] pomelo - [32m[C:\Users\tony\Desktop\tonyPomelo\game-server\node_modules\pomelo\lib\application.js] [39m"connector-server-1" startup in 333 ms
[2017-03-06 20:43:09.257] [DEBUG] pomelo - [36m[C:\Users\tony\Desktop\tonyPomelo\game-server\node_modules\pomelo\lib\modules\monitorwatcher.js] [39m[connector-server-1] receive addServer signal: {"action":"addServer","server":{"main":"C:\\Users\\tony\\Desktop\\tonyPomelo\\game-server\\app","env":"development","id":"room-server-1","host":"127.0.0.1","port":3020,"frontend":"true","serverType":"room","pid":6212}}
[2017-03-06 20:43:09.277] [DEBUG] pomelo - [36m[C:\Users\tony\Desktop\tonyPomelo\game-server\node_modules\pomelo\lib\modules\monitorwatcher.js] [39m[connector-server-1] receive addServer signal: {"action":"addServer","server":{"main":"C:\\Users\\tony\\Desktop\\tonyPomelo\\game-server\\app","env":"development","id":"world-server-1","host":"127.0.0.1","port":3040,"frontend":"true","serverType":"world","pid":7056}}
[2017-03-06 20:43:10.223] [DEBUG] pomelo - [36m[C:\Users\tony\Desktop\tonyPomelo\game-server\node_modules\pomelo\lib\components\connector.js] [39m[connector-server-1] getSession session is created with session id: 1
[2017-03-06 20:43:10.230] [DEBUG] pomelo - [36m[C:\Users\tony\Desktop\tonyPomelo\game-server\node_modules\pomelo\lib\components\connector.js] [39m[connector-server-1] handleMessage session id: 1, msg: {"id":1,"type":0,"compressRoute":0,"route":"connector.entryHandler.entry","body":{},"compressGzip":0}
[2017-03-06 20:43:10.232] [DEBUG] pomelo - [36m[C:\Users\tony\Desktop\tonyPomelo\game-server\node_modules\pomelo\lib\components\connector.js] [39m[connector-server-1] send message reqId: 1, route: connector.entryHandler.entry, msg: {"code":200,"msg":"game server is ok."}, receivers: [1], opts: {"type":"response","userOptions":{},"isResponse":true}
[2017-03-06 20:43:10.237] [DEBUG] pomelo - [36m[C:\Users\tony\Desktop\tonyPomelo\game-server\node_modules\pomelo\lib\components\connector.js] [39m[connector-server-1] handleMessage session id: 1, msg: {"id":2,"type":0,"compressRoute":0,"route":"world.playerHandler.enterScene","body":{"msg":"hello world"},"compressGzip":0}
[2017-03-06 20:43:10.239] [ERROR] pomelo - [31m[C:\Users\tony\Desktop\tonyPomelo\game-server\node_modules\pomelo\lib\server\server.js] [39mfail to forward message:TypeError: Cannot read property 'forwardMessage' of undefined
    at doForward (C:\Users\tony\Desktop\tonyPomelo\game-server\node_modules\pomelo\lib\server\server.js:334:49)
    at dispatch (C:\Users\tony\Desktop\tonyPomelo\game-server\node_modules\pomelo\lib\server\server.js:103:7)
    at next (C:\Users\tony\Desktop\tonyPomelo\game-server\node_modules\pomelo\lib\common\service\filterService.js:50:7)
    at Service.beforeFilter (C:\Users\tony\Desktop\tonyPomelo\game-server\node_modules\pomelo\lib\common\service\filterService.js:65:3)
    at beforeFilter (C:\Users\tony\Desktop\tonyPomelo\game-server\node_modules\pomelo\lib\server\server.js:242:8)
    at pro.globalHandle (C:\Users\tony\Desktop\tonyPomelo\game-server\node_modules\pomelo\lib\server\server.js:112:3)
    at Component.globalHandle (C:\Users\tony\Desktop\tonyPomelo\game-server\node_modules\pomelo\lib\components\server.js:74:14)
    at handleMessage (C:\Users\tony\Desktop\tonyPomelo\game-server\node_modules\pomelo\lib\components\connector.js:295:15)
    at null.<anonymous> (C:\Users\tony\Desktop\tonyPomelo\game-server\node_modules\pomelo\lib\components\connector.js:239:5)
    at emit (events.js:107:17)
[2017-03-06 20:43:10.239] [DEBUG] pomelo - [36m[C:\Users\tony\Desktop\tonyPomelo\game-server\node_modules\pomelo\lib\components\connector.js] [39m[connector-server-1] send message reqId: 2, route: world.playerHandler.enterScene, msg: {"code":500}, receivers: [1], opts: {"type":"response","userOptions":{},"isResponse":true}
[2017-03-06 20:43:13.876] [DEBUG] pomelo - [36m[C:\Users\tony\Desktop\tonyPomelo\game-server\node_modules\pomelo\lib\common\service\sessionService.js] [39msession on [connector-server-1] is closed with session id: 1
[2017-03-06 20:47:03.324] [INFO] pomelo - [32m[C:\Users\tony\Desktop\tonyPomelo\game-server\node_modules\pomelo\lib\application.js] [39mapplication inited: "connector-server-1"
[2017-03-06 20:47:03.679] [INFO] pomelo - [32m[C:\Users\tony\Desktop\tonyPomelo\game-server\node_modules\pomelo\lib\application.js] [39m"connector-server-1" enter after start...
[2017-03-06 20:47:03.684] [INFO] pomelo - [32m[C:\Users\tony\Desktop\tonyPomelo\game-server\node_modules\pomelo\lib\application.js] [39m"connector-server-1" finish start
[2017-03-06 20:47:03.684] [INFO] pomelo - [32m[C:\Users\tony\Desktop\tonyPomelo\game-server\node_modules\pomelo\lib\application.js] [39m"connector-server-1" startup in 292 ms
[2017-03-06 20:47:03.718] [DEBUG] pomelo - [36m[C:\Users\tony\Desktop\tonyPomelo\game-server\node_modules\pomelo\lib\modules\monitorwatcher.js] [39m[connector-server-1] receive addServer signal: {"action":"addServer","server":{"main":"C:\\Users\\tony\\Desktop\\tonyPomelo\\game-server\\app","env":"development","id":"room-server-1","host":"127.0.0.1","port":3020,"frontend":"true","serverType":"room","pid":3220}}
[2017-03-06 20:47:03.750] [DEBUG] pomelo - [36m[C:\Users\tony\Desktop\tonyPomelo\game-server\node_modules\pomelo\lib\modules\monitorwatcher.js] [39m[connector-server-1] receive addServer signal: {"action":"addServer","server":{"main":"C:\\Users\\tony\\Desktop\\tonyPomelo\\game-server\\app","env":"development","id":"seat-server-1","host":"127.0.0.1","port":3030,"frontend":"true","serverType":"seat","pid":4248}}
[2017-03-06 20:47:03.770] [DEBUG] pomelo - [36m[C:\Users\tony\Desktop\tonyPomelo\game-server\node_modules\pomelo\lib\modules\monitorwatcher.js] [39m[connector-server-1] receive addServer signal: {"action":"addServer","server":{"main":"C:\\Users\\tony\\Desktop\\tonyPomelo\\game-server\\app","env":"development","id":"world-server-1","host":"127.0.0.1","port":3040,"frontend":"true","serverType":"world","pid":3380}}
[2017-03-06 20:47:04.791] [DEBUG] pomelo - [36m[C:\Users\tony\Desktop\tonyPomelo\game-server\node_modules\pomelo\lib\components\connector.js] [39m[connector-server-1] getSession session is created with session id: 1
[2017-03-06 20:47:04.798] [DEBUG] pomelo - [36m[C:\Users\tony\Desktop\tonyPomelo\game-server\node_modules\pomelo\lib\components\connector.js] [39m[connector-server-1] handleMessage session id: 1, msg: {"id":1,"type":0,"compressRoute":0,"route":"connector.entryHandler.entry","body":{},"compressGzip":0}
[2017-03-06 20:47:04.802] [DEBUG] pomelo - [36m[C:\Users\tony\Desktop\tonyPomelo\game-server\node_modules\pomelo\lib\components\connector.js] [39m[connector-server-1] send message reqId: 1, route: connector.entryHandler.entry, msg: {"code":200,"msg":"game server is ok."}, receivers: [1], opts: {"type":"response","userOptions":{},"isResponse":true}
[2017-03-06 20:47:04.806] [DEBUG] pomelo - [36m[C:\Users\tony\Desktop\tonyPomelo\game-server\node_modules\pomelo\lib\components\connector.js] [39m[connector-server-1] handleMessage session id: 1, msg: {"id":2,"type":0,"compressRoute":0,"route":"world.playerHandler.enterScene","body":{"msg":"hello world"},"compressGzip":0}
[2017-03-06 20:47:04.808] [ERROR] pomelo - [31m[C:\Users\tony\Desktop\tonyPomelo\game-server\node_modules\pomelo\lib\server\server.js] [39mfail to forward message:TypeError: Cannot read property 'forwardMessage' of undefined
    at doForward (C:\Users\tony\Desktop\tonyPomelo\game-server\node_modules\pomelo\lib\server\server.js:334:49)
    at dispatch (C:\Users\tony\Desktop\tonyPomelo\game-server\node_modules\pomelo\lib\server\server.js:103:7)
    at next (C:\Users\tony\Desktop\tonyPomelo\game-server\node_modules\pomelo\lib\common\service\filterService.js:50:7)
    at Service.beforeFilter (C:\Users\tony\Desktop\tonyPomelo\game-server\node_modules\pomelo\lib\common\service\filterService.js:65:3)
    at beforeFilter (C:\Users\tony\Desktop\tonyPomelo\game-server\node_modules\pomelo\lib\server\server.js:242:8)
    at pro.globalHandle (C:\Users\tony\Desktop\tonyPomelo\game-server\node_modules\pomelo\lib\server\server.js:112:3)
    at Component.globalHandle (C:\Users\tony\Desktop\tonyPomelo\game-server\node_modules\pomelo\lib\components\server.js:74:14)
    at handleMessage (C:\Users\tony\Desktop\tonyPomelo\game-server\node_modules\pomelo\lib\components\connector.js:295:15)
    at null.<anonymous> (C:\Users\tony\Desktop\tonyPomelo\game-server\node_modules\pomelo\lib\components\connector.js:239:5)
    at emit (events.js:107:17)
[2017-03-06 20:47:04.808] [DEBUG] pomelo - [36m[C:\Users\tony\Desktop\tonyPomelo\game-server\node_modules\pomelo\lib\components\connector.js] [39m[connector-server-1] send message reqId: 2, route: world.playerHandler.enterScene, msg: {"code":500}, receivers: [1], opts: {"type":"response","userOptions":{},"isResponse":true}
[2017-03-06 20:47:10.908] [DEBUG] pomelo - [36m[C:\Users\tony\Desktop\tonyPomelo\game-server\node_modules\pomelo\lib\common\service\sessionService.js] [39msession on [connector-server-1] is closed with session id: 1
